2017-07-06 10:19:53,911-[HL] DEBUG http-nio-8080-exec-1 org.springframework.jdbc.datasource.DataSourceUtils - Fetching JDBC Connection from DataSource
  2017-07-06 10:19:53,998-[HL] INFO http-nio-8080-exec-1 com.mchange.v2.c3p0.impl.AbstractPoolBackedDataSource - Initializing c3p0 pool... com.mchange.v2.c3p0.ComboPooledDataSource [ acquireIncrement -> 3, acquireRetryAttempts -> 2, acquireRetryDelay -> 1000, autoCommitOnClose -> false, automaticTestTable -> null, breakAfterAcquireFailure -> false, checkoutTimeout -> 0, connectionCustomizerClassName -> null, connectionTesterClassName -> com.mchange.v2.c3p0.impl.DefaultConnectionTester, dataSourceName -> z8kflt9p60putl13m452s|2b055d95, debugUnreturnedConnectionStackTraces -> false, description -> null, driverClass -> com.mysql.jdbc.Driver, factoryClassLocation -> null, forceIgnoreUnresolvedTransactions -> false, identityToken -> z8kflt9p60putl13m452s|2b055d95, idleConnectionTestPeriod -> 0, initialPoolSize -> 3, jdbcUrl -> jdbc:mysql://localhost:3306/eshop?useUnicode=true&characterEncoding=UTF-8, maxAdministrativeTaskTime -> 0, maxConnectionAge -> 0, maxIdleTime -> 0, maxIdleTimeExcessConnections -> 0, maxPoolSize -> 30, maxStatements -> 0, maxStatementsPerConnection -> 0, minPoolSize -> 10, numHelperThreads -> 3, numThreadsAwaitingCheckoutDefaultUser -> 0, preferredTestQuery -> null, properties -> {user=******, password=******}, propertyCycle -> 0, testConnectionOnCheckin -> false, testConnectionOnCheckout -> false, unreturnedConnectionTimeout -> 0, usesTraditionalReflectiveProxies -> false ]
  2017-07-06 10:19:54,447-[HL] DEBUG http-nio-8080-exec-1 org.springframework.jdbc.datasource.DataSourceUtils - Returning JDBC Connection to DataSource
  2017-07-06 10:19:54,448-[HL] DEBUG http-nio-8080-exec-1 org.springframework.jdbc.datasource.DataSourceUtils - Fetching JDBC Connection from DataSource
  2017-07-06 10:19:54,452-[HL] DEBUG http-nio-8080-exec-1 org.springframework.jdbc.datasource.DataSourceUtils - Returning JDBC Connection to DataSource
  2017-07-06 10:19:54,459-[HL] DEBUG http-nio-8080-exec-1 org.springframework.beans.factory.support.DefaultListableBeanFactory - Invoking afterPropertiesSet() on bean with name 'home'
  2017-07-06 10:19:54,459-[HL] DEBUG http-nio-8080-exec-1 org.springframework.beans.factory.support.DefaultListableBeanFactory - Returning cached instance of singleton bean 'org.springframework.transaction.config.internalTransactionAdvisor'
  2017-07-06 10:19:54,459-[HL] DEBUG http-nio-8080-exec-1 org.springframework.web.servlet.DispatcherServlet - Rendering view [org.springframework.web.servlet.view.JstlView: name 'home'; URL [/WEB-INF/view/home.jsp]] in DispatcherServlet with name 'eshop'
  2017-07-06 10:19:54,460-[HL] DEBUG http-nio-8080-exec-1 org.springframework.web.servlet.view.JstlView - Added model object 'itemList' of type [java.util.ArrayList] to request in view with name 'home'
  2017-07-06 10:19:54,460-[HL] DEBUG http-nio-8080-exec-1 org.springframework.web.servlet.view.JstlView - Added model object 'defaule_type' of type [java.lang.String] to request in view with name 'home'
  2017-07-06 10:19:54,465-[HL] DEBUG http-nio-8080-exec-1 org.springframework.web.servlet.view.JstlView - Forwarding to resource [/WEB-INF/view/home.jsp] in InternalResourceView 'home'
  2017-07-06 10:19:55,633-[HL] DEBUG http-nio-8080-exec-1 org.springframework.web.servlet.DispatcherServlet - Successfully completed request
  2017-07-06 10:19:55,633-[HL] DEBUG http-nio-8080-exec-1 org.springframework.beans.factory.support.DefaultListableBeanFactory - Returning cached instance of singleton bean 'sqlSessionFactory'
  2017-07-06 10:19:55,634-[HL] DEBUG http-nio-8080-exec-1 org.springframework.beans.factory.support.DefaultListableBeanFactory - Returning cached instance of singleton bean 'sqlSessionFactory'
  2017-07-06 10:19:56,298-[HL] DEBUG http-nio-8080-exec-3 org.springframework.web.servlet.DispatcherServlet - DispatcherServlet with name 'eshop' processing GET request for [/home]
  2017-07-06 10:19:56,299-[HL] DEBUG http-nio-8080-exec-3 org.springframework.web.servlet.mvc.method.annotation.RequestMappingHandlerMapping - Looking up handler method for path /home
  2017-07-06 10:19:56,299-[HL] DEBUG http-nio-8080-exec-3 org.springframework.web.servlet.mvc.method.annotation.RequestMappingHandlerMapping - Returning handler method [public java.lang.String com.luerer.controller.IndexController.index(org.springframework.ui.ModelMap,javax.servlet.http.HttpSession)]
  2017-07-06 10:19:56,300-[HL] DEBUG http-nio-8080-exec-3 org.springframework.beans.factory.support.DefaultListableBeanFactory - Returning cached instance of singleton bean 'indexController'
  2017-07-06 10:19:56,300-[HL] DEBUG http-nio-8080-exec-3 org.springframework.web.servlet.DispatcherServlet - Last-Modified value for [/home] is: -1
  2017-07-06 10:19:56,300-[HL] DEBUG http-nio-8080-exec-3 org.springframework.jdbc.datasource.DataSourceUtils - Fetching JDBC Connection from DataSource
  2017-07-06 10:19:56,308-[HL] DEBUG http-nio-8080-exec-3 org.springframework.jdbc.datasource.DataSourceUtils - Returning JDBC Connection to DataSource
  2017-07-06 10:19:56,308-[HL] DEBUG http-nio-8080-exec-3 org.springframework.jdbc.datasource.DataSourceUtils - Fetching JDBC Connection from DataSource
  2017-07-06 10:19:56,310-[HL] DEBUG http-nio-8080-exec-3 org.springframework.jdbc.datasource.DataSourceUtils - Returning JDBC Connection to DataSource
  2017-07-06 10:19:56,311-[HL] DEBUG http-nio-8080-exec-3 org.springframework.web.servlet.DispatcherServlet - Rendering view [org.springframework.web.servlet.view.JstlView: name 'home'; URL [/WEB-INF/view/home.jsp]] in DispatcherServlet with name 'eshop'
  2017-07-06 10:19:56,311-[HL] DEBUG http-nio-8080-exec-3 org.springframework.web.servlet.view.JstlView - Added model object 'itemList' of type [java.util.ArrayList] to request in view with name 'home'
  2017-07-06 10:19:56,312-[HL] DEBUG http-nio-8080-exec-3 org.springframework.web.servlet.view.JstlView - Added model object 'defaule_type' of type [java.lang.String] to request in view with name 'home'
  2017-07-06 10:19:56,312-[HL] DEBUG http-nio-8080-exec-3 org.springframework.web.servlet.view.JstlView - Forwarding to resource [/WEB-INF/view/home.jsp] in InternalResourceView 'home'
  2017-07-06 10:19:56,326-[HL] DEBUG http-nio-8080-exec-3 org.springframework.web.servlet.DispatcherServlet - Successfully completed request
  2017-07-06 10:19:56,381-[HL] DEBUG http-nio-8080-exec-5 org.springframework.web.servlet.DispatcherServlet - DispatcherServlet with name 'eshop' processing GET request for [/js/jquery-3.2.1.min.js]
  2017-07-06 10:19:56,381-[HL] DEBUG http-nio-8080-exec-5 org.springframework.web.servlet.mvc.method.annotation.RequestMappingHandlerMapping - Looking up handler method for path /js/jquery-3.2.1.min.js
  2017-07-06 10:19:56,383-[HL] DEBUG http-nio-8080-exec-4 org.springframework.web.servlet.DispatcherServlet - DispatcherServlet with name 'eshop' processing GET request for [/css/bootstrap.min.css]
  2017-07-06 10:19:56,383-[HL] DEBUG http-nio-8080-exec-4 org.springframework.web.servlet.mvc.method.annotation.RequestMappingHandlerMapping - Looking up handler method for path /css/bootstrap.min.css
  2017-07-06 10:19:56,383-[HL] DEBUG http-nio-8080-exec-5 org.springframework.web.servlet.mvc.method.annotation.RequestMappingHandlerMapping - Did not find handler method for [/js/jquery-3.2.1.min.js]
  2017-07-06 10:19:56,389-[HL] DEBUG http-nio-8080-exec-4 org.springframework.web.servlet.mvc.method.annotation.RequestMappingHandlerMapping - Did not find handler method for [/css/bootstrap.min.css]
  2017-07-06 10:19:56,384-[HL] DEBUG http-nio-8080-exec-5 org.springframework.web.servlet.handler.SimpleUrlHandlerMapping - Matching patterns for request [/js/jquery-3.2.1.min.js] are [/js/**]
  2017-07-06 10:19:56,389-[HL] DEBUG http-nio-8080-exec-4 org.springframework.web.servlet.handler.SimpleUrlHandlerMapping - Matching patterns for request [/css/bootstrap.min.css] are [/css/**]
  2017-07-06 10:19:56,391-[HL] DEBUG http-nio-8080-exec-4 org.springframework.web.servlet.handler.SimpleUrlHandlerMapping - URI Template variables for request [/css/bootstrap.min.css] are {}
  2017-07-06 10:19:56,391-[HL] DEBUG http-nio-8080-exec-7 org.springframework.web.servlet.DispatcherServlet - DispatcherServlet with name 'eshop' processing GET request for [/js/bootstrap.min.js]
  2017-07-06 10:19:56,391-[HL] DEBUG http-nio-8080-exec-6 org.springframework.web.servlet.DispatcherServlet - DispatcherServlet with name 'eshop' processing GET request for [/css/default.css]
  2017-07-06 10:19:56,391-[HL] DEBUG http-nio-8080-exec-6 org.springframework.web.servlet.mvc.method.annotation.RequestMappingHandlerMapping - Looking up handler method for path /css/default.css
  2017-07-06 10:19:56,391-[HL] DEBUG http-nio-8080-exec-5 org.springframework.web.servlet.handler.SimpleUrlHandlerMapping - URI Template variables for request [/js/jquery-3.2.1.min.js] are {}
  2017-07-06 10:19:56,391-[HL] DEBUG http-nio-8080-exec-7 org.springframework.web.servlet.mvc.method.annotation.RequestMappingHandlerMapping - Looking up handler method for path /js/bootstrap.min.js
  2017-07-06 10:19:56,393-[HL] DEBUG http-nio-8080-exec-4 org.springframework.web.servlet.handler.SimpleUrlHandlerMapping - Mapping [/css/bootstrap.min.css] to HandlerExecutionChain with handler [ResourceHttpRequestHandler [locations=[ServletContext resource [/WEB-INF/statics/css/]], resolvers=[org.springframework.web.servlet.resource.PathResourceResolver@5d2dacff]]] and 1 interceptor
  2017-07-06 10:19:56,393-[HL] DEBUG http-nio-8080-exec-7 org.springframework.web.servlet.mvc.method.annotation.RequestMappingHandlerMapping - Did not find handler method for [/js/bootstrap.min.js]
  2017-07-06 10:19:56,393-[HL] DEBUG http-nio-8080-exec-7 org.springframework.web.servlet.handler.SimpleUrlHandlerMapping - Matching patterns for request [/js/bootstrap.min.js] are [/js/**]
  2017-07-06 10:19:56,393-[HL] DEBUG http-nio-8080-exec-7 org.springframework.web.servlet.handler.SimpleUrlHandlerMapping - URI Template variables for request [/js/bootstrap.min.js] are {}
  2017-07-06 10:19:56,393-[HL] DEBUG http-nio-8080-exec-7 org.springframework.web.servlet.handler.SimpleUrlHandlerMapping - Mapping [/js/bootstrap.min.js] to HandlerExecutionChain with handler [ResourceHttpRequestHandler [locations=[ServletContext resource [/WEB-INF/statics/js/]], resolvers=[org.springframework.web.servlet.resource.PathResourceResolver@271bec87]]] and 1 interceptor
  2017-07-06 10:19:56,393-[HL] DEBUG http-nio-8080-exec-4 org.springframework.web.servlet.DispatcherServlet - Last-Modified value for [/css/bootstrap.min.css] is: -1
  2017-07-06 10:19:56,393-[HL] DEBUG http-nio-8080-exec-7 org.springframework.web.servlet.DispatcherServlet - Last-Modified value for [/js/bootstrap.min.js] is: -1
  2017-07-06 10:19:56,394-[HL] DEBUG http-nio-8080-exec-5 org.springframework.web.servlet.handler.SimpleUrlHandlerMapping - Mapping [/js/jquery-3.2.1.min.js] to HandlerExecutionChain with handler [ResourceHttpRequestHandler [locations=[ServletContext resource [/WEB-INF/statics/js/]], resolvers=[org.springframework.web.servlet.resource.PathResourceResolver@271bec87]]] and 1 interceptor
  2017-07-06 10:19:56,394-[HL] DEBUG http-nio-8080-exec-5 org.springframework.web.servlet.DispatcherServlet - Last-Modified value for [/js/jquery-3.2.1.min.js] is: -1
  2017-07-06 10:19:56,394-[HL] DEBUG http-nio-8080-exec-6 org.springframework.web.servlet.mvc.method.annotation.RequestMappingHandlerMapping - Did not find handler method for [/css/default.css]
  2017-07-06 10:19:56,394-[HL] DEBUG http-nio-8080-exec-6 org.springframework.web.servlet.handler.SimpleUrlHandlerMapping - Matching patterns for request [/css/default.css] are [/css/**]
  2017-07-06 10:19:56,394-[HL] DEBUG http-nio-8080-exec-6 org.springframework.web.servlet.handler.SimpleUrlHandlerMapping - URI Template variables for request [/css/default.css] are {}
  2017-07-06 10:19:56,394-[HL] DEBUG http-nio-8080-exec-6 org.springframework.web.servlet.handler.SimpleUrlHandlerMapping - Mapping [/css/default.css] to HandlerExecutionChain with handler [ResourceHttpRequestHandler [locations=[ServletContext resource [/WEB-INF/statics/css/]], resolvers=[org.springframework.web.servlet.resource.PathResourceResolver@5d2dacff]]] and 1 interceptor
  2017-07-06 10:19:56,394-[HL] DEBUG http-nio-8080-exec-6 org.springframework.web.servlet.DispatcherServlet - Last-Modified value for [/css/default.css] is: -1
  2017-07-06 10:19:56,398-[HL] DEBUG http-nio-8080-exec-5 org.springframework.web.servlet.DispatcherServlet - Null ModelAndView returned to DispatcherServlet with name 'eshop': assuming HandlerAdapter completed request handling
  2017-07-06 10:19:56,398-[HL] DEBUG http-nio-8080-exec-7 org.springframework.web.servlet.DispatcherServlet - Null ModelAndView returned to DispatcherServlet with name 'eshop': assuming HandlerAdapter completed request handling
  2017-07-06 10:19:56,398-[HL] DEBUG http-nio-8080-exec-6 org.springframework.web.servlet.DispatcherServlet - Null ModelAndView returned to DispatcherServlet with name 'eshop': assuming HandlerAdapter completed request handling
  2017-07-06 10:19:56,398-[HL] DEBUG http-nio-8080-exec-7 org.springframework.web.servlet.DispatcherServlet - Successfully completed request
  2017-07-06 10:19:56,398-[HL] DEBUG http-nio-8080-exec-5 org.springframework.web.servlet.DispatcherServlet - Successfully completed request
  2017-07-06 10:19:56,398-[HL] DEBUG http-nio-8080-exec-4 org.springframework.web.servlet.DispatcherServlet - Null ModelAndView returned to DispatcherServlet with name 'eshop': assuming HandlerAdapter completed request handling
  2017-07-06 10:19:56,399-[HL] DEBUG http-nio-8080-exec-4 org.springframework.web.servlet.DispatcherServlet - Successfully completed request
  2017-07-06 10:19:56,398-[HL] DEBUG http-nio-8080-exec-6 org.springframework.web.servlet.DispatcherServlet - Successfully completed request
  2017-07-06 10:19:56,407-[HL] DEBUG http-nio-8080-exec-8 org.springframework.web.servlet.DispatcherServlet - DispatcherServlet with name 'eshop' processing GET request for [/img/'adidas_1'.jpg]
  2017-07-06 10:19:56,408-[HL] DEBUG http-nio-8080-exec-8 org.springframework.web.servlet.mvc.method.annotation.RequestMappingHandlerMapping - Looking up handler method for path /img/'adidas_1'.jpg
  2017-07-06 10:19:56,409-[HL] DEBUG http-nio-8080-exec-8 org.springframework.web.servlet.mvc.method.annotation.RequestMappingHandlerMapping - Did not find handler method for [/img/'adidas_1'.jpg]
  2017-07-06 10:19:56,409-[HL] DEBUG http-nio-8080-exec-8 org.springframework.web.servlet.handler.SimpleUrlHandlerMapping - Matching patterns for request [/img/'adidas_1'.jpg] are [/img/**]
  2017-07-06 10:19:56,409-[HL] DEBUG http-nio-8080-exec-8 org.springframework.web.servlet.handler.SimpleUrlHandlerMapping - URI Template variables for request [/img/'adidas_1'.jpg] are {}
  2017-07-06 10:19:56,409-[HL] DEBUG http-nio-8080-exec-8 org.springframework.web.servlet.handler.SimpleUrlHandlerMapping - Mapping [/img/'adidas_1'.jpg] to HandlerExecutionChain with handler [ResourceHttpRequestHandler [locations=[ServletContext resource [/WEB-INF/statics/image/]], resolvers=[org.springframework.web.servlet.resource.PathResourceResolver@7bd004a8]]] and 1 interceptor
  2017-07-06 10:19:56,409-[HL] DEBUG http-nio-8080-exec-8 org.springframework.web.servlet.DispatcherServlet - Last-Modified value for [/img/'adidas_1'.jpg] is: -1
  2017-07-06 10:19:56,409-[HL] DEBUG http-nio-8080-exec-8 org.springframework.web.servlet.DispatcherServlet - Null ModelAndView returned to DispatcherServlet with name 'eshop': assuming HandlerAdapter completed request handling
  2017-07-06 10:19:56,410-[HL] DEBUG http-nio-8080-exec-8 org.springframework.web.servlet.DispatcherServlet - Successfully completed request
  2017-07-06 10:19:56,429-[HL] DEBUG http-nio-8080-exec-9 org.springframework.web.servlet.DispatcherServlet - DispatcherServlet with name 'eshop' processing GET request for [/img/'adidas_3'.jpg]
  2017-07-06 10:19:56,429-[HL] DEBUG http-nio-8080-exec-9 org.springframework.web.servlet.mvc.method.annotation.RequestMappingHandlerMapping - Looking up handler method for path /img/'adidas_3'.jpg
  2017-07-06 10:19:56,431-[HL] DEBUG http-nio-8080-exec-9 org.springframework.web.servlet.mvc.method.annotation.RequestMappingHandlerMapping - Did not find handler method for [/img/'adidas_3'.jpg]
  2017-07-06 10:19:56,431-[HL] DEBUG http-nio-8080-exec-9 org.springframework.web.servlet.handler.SimpleUrlHandlerMapping - Matching patterns for request [/img/'adidas_3'.jpg] are [/img/**]
  2017-07-06 10:19:56,431-[HL] DEBUG http-nio-8080-exec-9 org.springframework.web.servlet.handler.SimpleUrlHandlerMapping - URI Template variables for request [/img/'adidas_3'.jpg] are {}
  2017-07-06 10:19:56,431-[HL] DEBUG http-nio-8080-exec-9 org.springframework.web.servlet.handler.SimpleUrlHandlerMapping - Mapping [/img/'adidas_3'.jpg] to HandlerExecutionChain with handler [ResourceHttpRequestHandler [locations=[ServletContext resource [/WEB-INF/statics/image/]], resolvers=[org.springframework.web.servlet.resource.PathResourceResolver@7bd004a8]]] and 1 interceptor
  2017-07-06 10:19:56,431-[HL] DEBUG http-nio-8080-exec-9 org.springframework.web.servlet.DispatcherServlet - Last-Modified value for [/img/'adidas_3'.jpg] is: -1
  2017-07-06 10:19:56,432-[HL] DEBUG http-nio-8080-exec-9 org.springframework.web.servlet.DispatcherServlet - Null ModelAndView returned to DispatcherServlet with name 'eshop': assuming HandlerAdapter completed request handling
  2017-07-06 10:19:56,432-[HL] DEBUG http-nio-8080-exec-9 org.springframework.web.servlet.DispatcherServlet - Successfully completed request
  2017-07-06 10:19:56,448-[HL] DEBUG http-nio-8080-exec-10 org.springframework.web.servlet.DispatcherServlet - DispatcherServlet with name 'eshop' processing GET request for [/img/'j'.jpg]
  2017-07-06 10:19:56,449-[HL] DEBUG http-nio-8080-exec-10 org.springframework.web.servlet.mvc.method.annotation.RequestMappingHandlerMapping - Looking up handler method for path /img/'j'.jpg
  2017-07-06 10:19:56,450-[HL] DEBUG http-nio-8080-exec-10 org.springframework.web.servlet.mvc.method.annotation.RequestMappingHandlerMapping - Did not find handler method for [/img/'j'.jpg]
  2017-07-06 10:19:56,450-[HL] DEBUG http-nio-8080-exec-10 org.springframework.web.servlet.handler.SimpleUrlHandlerMapping - Matching patterns for request [/img/'j'.jpg] are [/img/**]
  2017-07-06 10:19:56,450-[HL] DEBUG http-nio-8080-exec-10 org.springframework.web.servlet.handler.SimpleUrlHandlerMapping - URI Template variables for request [/img/'j'.jpg] are {}
  2017-07-06 10:19:56,450-[HL] DEBUG http-nio-8080-exec-10 org.springframework.web.servlet.handler.SimpleUrlHandlerMapping - Mapping [/img/'j'.jpg] to HandlerExecutionChain with handler [ResourceHttpRequestHandler [locations=[ServletContext resource [/WEB-INF/statics/image/]], resolvers=[org.springframework.web.servlet.resource.PathResourceResolver@7bd004a8]]] and 1 interceptor
  2017-07-06 10:19:56,450-[HL] DEBUG http-nio-8080-exec-10 org.springframework.web.servlet.DispatcherServlet - Last-Modified value for [/img/'j'.jpg] is: -1
  2017-07-06 10:19:56,450-[HL] DEBUG http-nio-8080-exec-10 org.springframework.web.servlet.DispatcherServlet - Null ModelAndView returned to DispatcherServlet with name 'eshop': assuming HandlerAdapter completed request handling
  2017-07-06 10:19:56,450-[HL] DEBUG http-nio-8080-exec-10 org.springframework.web.servlet.DispatcherServlet - Successfully completed request
  2017-07-06 10:19:56,456-[HL] DEBUG http-nio-8080-exec-1 org.springframework.web.servlet.DispatcherServlet - DispatcherServlet with name 'eshop' processing GET request for [/img/'adidas_2'.jpg]
  2017-07-06 10:19:56,456-[HL] DEBUG http-nio-8080-exec-1 org.springframework.web.servlet.mvc.method.annotation.RequestMappingHandlerMapping - Looking up handler method for path /img/'adidas_2'.jpg
  2017-07-06 10:19:56,457-[HL] DEBUG http-nio-8080-exec-1 org.springframework.web.servlet.mvc.method.annotation.RequestMappingHandlerMapping - Did not find handler method for [/img/'adidas_2'.jpg]
  2017-07-06 10:19:56,457-[HL] DEBUG http-nio-8080-exec-1 org.springframework.web.servlet.handler.SimpleUrlHandlerMapping - Matching patterns for request [/img/'adidas_2'.jpg] are [/img/**]
  2017-07-06 10:19:56,457-[HL] DEBUG http-nio-8080-exec-1 org.springframework.web.servlet.handler.SimpleUrlHandlerMapping - URI Template variables for request [/img/'adidas_2'.jpg] are {}
  2017-07-06 10:19:56,457-[HL] DEBUG http-nio-8080-exec-1 org.springframework.web.servlet.handler.SimpleUrlHandlerMapping - Mapping [/img/'adidas_2'.jpg] to HandlerExecutionChain with handler [ResourceHttpRequestHandler [locations=[ServletContext resource [/WEB-INF/statics/image/]], resolvers=[org.springframework.web.servlet.resource.PathResourceResolver@7bd004a8]]] and 1 interceptor
  2017-07-06 10:19:56,457-[HL] DEBUG http-nio-8080-exec-1 org.springframework.web.servlet.DispatcherServlet - Last-Modified value for [/img/'adidas_2'.jpg] is: -1
  2017-07-06 10:19:56,458-[HL] DEBUG http-nio-8080-exec-1 org.springframework.web.servlet.DispatcherServlet - Null ModelAndView returned to DispatcherServlet with name 'eshop': assuming HandlerAdapter completed request handling
  2017-07-06 10:19:56,458-[HL] DEBUG http-nio-8080-exec-1 org.springframework.web.servlet.DispatcherServlet - Successfully completed request
  2017-07-06 10:19:56,463-[HL] DEBUG http-nio-8080-exec-2 org.springframework.web.servlet.DispatcherServlet - DispatcherServlet with name 'eshop' processing GET request for [/img/''.jpg]
  2017-07-06 10:19:56,463-[HL] DEBUG http-nio-8080-exec-2 org.springframework.web.servlet.mvc.method.annotation.RequestMappingHandlerMapping - Looking up handler method for path /img/''.jpg
  2017-07-06 10:19:56,464-[HL] DEBUG http-nio-8080-exec-2 org.springframework.web.servlet.mvc.method.annotation.RequestMappingHandlerMapping - Did not find handler method for [/img/''.jpg]
  2017-07-06 10:19:56,464-[HL] DEBUG http-nio-8080-exec-2 org.springframework.web.servlet.handler.SimpleUrlHandlerMapping - Matching patterns for request [/img/''.jpg] are [/img/**]
  2017-07-06 10:19:56,464-[HL] DEBUG http-nio-8080-exec-2 org.springframework.web.servlet.handler.SimpleUrlHandlerMapping - URI Template variables for request [/img/''.jpg] are {}
  2017-07-06 10:19:56,464-[HL] DEBUG http-nio-8080-exec-2 org.springframework.web.servlet.handler.SimpleUrlHandlerMapping - Mapping [/img/''.jpg] to HandlerExecutionChain with handler [ResourceHttpRequestHandler [locations=[ServletContext resource [/WEB-INF/statics/image/]], resolvers=[org.springframework.web.servlet.resource.PathResourceResolver@7bd004a8]]] and 1 interceptor
  2017-07-06 10:19:56,464-[HL] DEBUG http-nio-8080-exec-2 org.springframework.web.servlet.DispatcherServlet - Last-Modified value for [/img/''.jpg] is: -1
  2017-07-06 10:19:56,465-[HL] DEBUG http-nio-8080-exec-2 org.springframework.web.servlet.DispatcherServlet - Null ModelAndView returned to DispatcherServlet with name 'eshop': assuming HandlerAdapter completed request handling
  2017-07-06 10:19:56,465-[HL] DEBUG http-nio-8080-exec-2 org.springframework.web.servlet.DispatcherServlet - Successfully completed request
  2017-07-06 10:19:57,131-[HL] DEBUG http-nio-8080-exec-3 org.springframework.web.servlet.DispatcherServlet - DispatcherServlet with name 'eshop' processing GET request for [/img/blank.jpg]
  2017-07-06 10:19:57,131-[HL] DEBUG http-nio-8080-exec-3 org.springframework.web.servlet.mvc.method.annotation.RequestMappingHandlerMapping - Looking up handler method for path /img/blank.jpg
  2017-07-06 10:19:57,132-[HL] DEBUG http-nio-8080-exec-3 org.springframework.web.servlet.mvc.method.annotation.RequestMappingHandlerMapping - Did not find handler method for [/img/blank.jpg]
  2017-07-06 10:19:57,132-[HL] DEBUG http-nio-8080-exec-3 org.springframework.web.servlet.handler.SimpleUrlHandlerMapping - Matching patterns for request [/img/blank.jpg] are [/img/**]
  2017-07-06 10:19:57,132-[HL] DEBUG http-nio-8080-exec-3 org.springframework.web.servlet.handler.SimpleUrlHandlerMapping - URI Template variables for request [/img/blank.jpg] are {}
  2017-07-06 10:19:57,132-[HL] DEBUG http-nio-8080-exec-3 org.springframework.web.servlet.handler.SimpleUrlHandlerMapping - Mapping [/img/blank.jpg] to HandlerExecutionChain with handler [ResourceHttpRequestHandler [locations=[ServletContext resource [/WEB-INF/statics/image/]], resolvers=[org.springframework.web.servlet.resource.PathResourceResolver@7bd004a8]]] and 1 interceptor
  2017-07-06 10:19:57,132-[HL] DEBUG http-nio-8080-exec-3 org.springframework.web.servlet.DispatcherServlet - Last-Modified value for [/img/blank.jpg] is: -1
  2017-07-06 10:19:57,134-[HL] DEBUG http-nio-8080-exec-3 org.springframework.web.servlet.DispatcherServlet - Null ModelAndView returned to DispatcherServlet with name 'eshop': assuming HandlerAdapter completed request handling
  2017-07-06 10:19:57,135-[HL] DEBUG http-nio-8080-exec-3 org.springframework.web.servlet.DispatcherServlet - Successfully completed request
  2017-07-06 10:20:00,016-[HL] DEBUG http-nio-8080-exec-7 org.springframework.web.servlet.DispatcherServlet - DispatcherServlet with name 'eshop' processing GET request for [/item/%E4%B8%8A%E8%A3%85]
  2017-07-06 10:20:00,017-[HL] DEBUG http-nio-8080-exec-7 org.springframework.web.servlet.mvc.method.annotation.RequestMappingHandlerMapping - Looking up handler method for path /item/??
  2017-07-06 10:20:00,017-[HL] DEBUG http-nio-8080-exec-7 org.springframework.web.servlet.mvc.method.annotation.RequestMappingHandlerMapping - Returning handler method [public java.lang.String com.luerer.controller.ItemController.showItemByType(java.lang.String,org.springframework.ui.ModelMap)]
  2017-07-06 10:20:00,017-[HL] DEBUG http-nio-8080-exec-7 org.springframework.beans.factory.support.DefaultListableBeanFactory - Returning cached instance of singleton bean 'itemController'
  2017-07-06 10:20:00,017-[HL] DEBUG http-nio-8080-exec-7 org.springframework.web.servlet.DispatcherServlet - Last-Modified value for [/item/%E4%B8%8A%E8%A3%85] is: -1
  2017-07-06 10:20:00,070-[HL] DEBUG http-nio-8080-exec-7 org.springframework.web.servlet.DispatcherServlet - Rendering view [org.springframework.web.servlet.view.JstlView: name 'home'; URL [/WEB-INF/view/home.jsp]] in DispatcherServlet with name 'eshop'
  2017-07-06 10:20:00,070-[HL] DEBUG http-nio-8080-exec-7 org.springframework.web.servlet.view.JstlView - Added model object 'type_name' of type [java.lang.String] to request in view with name 'home'
  2017-07-06 10:20:00,070-[HL] DEBUG http-nio-8080-exec-7 org.springframework.web.servlet.view.JstlView - Added model object 'default_type' of type [java.lang.String] to request in view with name 'home'
  2017-07-06 10:20:00,071-[HL] DEBUG http-nio-8080-exec-7 org.springframework.web.servlet.view.JstlView - Added model object 'err' of type [java.lang.String] to request in view with name 'home'
  2017-07-06 10:20:00,071-[HL] DEBUG http-nio-8080-exec-7 org.springframework.web.servlet.view.JstlView - Removed model object 'itemList' from request in view with name 'home'
  2017-07-06 10:20:00,071-[HL] DEBUG http-nio-8080-exec-7 org.springframework.web.servlet.view.JstlView - Forwarding to resource [/WEB-INF/view/home.jsp] in InternalResourceView 'home'
  2017-07-06 10:20:00,075-[HL] DEBUG http-nio-8080-exec-7 org.springframework.web.servlet.DispatcherServlet - Successfully completed request
  